2025-02-12 22:59:38,424 DEBUG: Initialized logging.
2025-02-12 22:59:38,425 INFO: Execution started.
2025-02-12 23:06:55,143 INFO: Simulation started.
2025-02-12 23:06:55,165 INFO: GC Count Before Simulation: (375, 1, 2)
2025-02-12 23:06:55,165 INFO: Running round 1 of 100
2025-02-12 23:06:59,032 INFO: Running round 2 of 100
2025-02-12 23:07:02,776 INFO: Running round 3 of 100
2025-02-12 23:07:06,686 INFO: Running round 4 of 100
2025-02-12 23:07:10,414 INFO: Running round 5 of 100
2025-02-12 23:07:14,080 INFO: Running round 6 of 100
2025-02-12 23:07:17,802 INFO: Running round 7 of 100
2025-02-12 23:07:23,065 INFO: Running round 8 of 100
2025-02-12 23:07:26,766 INFO: Running round 9 of 100
2025-02-12 23:07:30,453 INFO: Running round 10 of 100
2025-02-12 23:07:34,133 INFO: Round 10: Cache Hit Rate: 0.00%, Total Requests: 0
2025-02-12 23:07:34,133 INFO: GC Count After 10 Rounds: (0, 6, 4)
2025-02-12 23:07:34,624 INFO: Running round 11 of 100
2025-02-12 23:07:38,338 INFO: Running round 12 of 100
2025-02-12 23:07:42,059 INFO: Running round 13 of 100
2025-02-12 23:07:45,755 INFO: Running round 14 of 100
2025-02-12 23:07:49,501 INFO: Running round 15 of 100
2025-02-12 23:07:53,179 INFO: Running round 16 of 100
2025-02-12 23:07:56,931 INFO: Running round 17 of 100
2025-02-12 23:08:00,691 INFO: Running round 18 of 100
2025-02-12 23:08:04,746 INFO: Running round 19 of 100
2025-02-12 23:08:08,608 INFO: Running round 20 of 100
2025-02-12 23:08:12,284 INFO: Round 20: Cache Hit Rate: 0.00%, Total Requests: 0
2025-02-12 23:08:12,285 INFO: GC Count After 20 Rounds: (0, 8, 1)
2025-02-12 23:08:12,659 INFO: Running round 21 of 100
2025-02-12 23:08:16,515 INFO: Running round 22 of 100
2025-02-12 23:08:20,215 INFO: Running round 23 of 100
2025-02-12 23:08:23,849 INFO: Running round 24 of 100
2025-02-12 23:08:27,520 INFO: Running round 25 of 100
2025-02-12 23:08:31,184 INFO: Running round 26 of 100
2025-02-12 23:08:34,821 INFO: Running round 27 of 100
2025-02-12 23:08:38,489 INFO: Running round 28 of 100
2025-02-12 23:08:42,163 INFO: Running round 29 of 100
2025-02-12 23:08:45,930 INFO: Running round 30 of 100
2025-02-12 23:08:49,658 INFO: Round 30: Cache Hit Rate: 0.00%, Total Requests: 0
2025-02-12 23:08:49,660 INFO: GC Count After 30 Rounds: (0, 9, 1)
2025-02-12 23:08:50,135 INFO: Running round 31 of 100
2025-02-12 23:08:53,817 INFO: Running round 32 of 100
